<?xml version="1.0" encoding="UTF-8"?>
<!-- Generated by org.testng.reporters.JUnitXMLReporter -->
<testsuite ignored="15" hostname="LMPITSHSNH6Q3" failures="0" tests="15" name="Surefire test" time="0.164" errors="0" timestamp="2024-05-17T12:54:18 IST">
  <testcase classname="WWproduct.testCases.BaseClassTest" name="@BeforeClass setup" time="-1.715930658362E9">
    <failure type="org.testng.TestNGException" message="
Parameter &amp;apos;browser&amp;apos; is required by BeforeClass on method setup but has not been marked @Optional or defined
">
      <![CDATA[org.testng.TestNGException: 
Parameter 'browser' is required by BeforeClass on method setup but has not been marked @Optional or defined

at java.base/java.util.ArrayList.forEach(ArrayList.java:1511)
... Removed 27 stack frames]]>
    </failure>
  </testcase> <!-- @BeforeClass setup -->
  <testcase classname="WWproduct.testCases.BaseClassTest" name="@BeforeClass setup" time="-1.715930658421E9">
    <failure type="org.testng.TestNGException" message="
Parameter &amp;apos;browser&amp;apos; is required by BeforeClass on method setup but has not been marked @Optional or defined
">
      <![CDATA[org.testng.TestNGException: 
Parameter 'browser' is required by BeforeClass on method setup but has not been marked @Optional or defined

at java.base/java.util.ArrayList.forEach(ArrayList.java:1511)
... Removed 27 stack frames]]>
    </failure>
  </testcase> <!-- @BeforeClass setup -->
  <testcase classname="WWproduct.testCases.BaseClassTest" name="@BeforeClass setup" time="-1.715930658424E9">
    <failure type="org.testng.TestNGException" message="
Parameter &amp;apos;browser&amp;apos; is required by BeforeClass on method setup but has not been marked @Optional or defined
">
      <![CDATA[org.testng.TestNGException: 
Parameter 'browser' is required by BeforeClass on method setup but has not been marked @Optional or defined

at java.base/java.util.ArrayList.forEach(ArrayList.java:1511)
... Removed 27 stack frames]]>
    </failure>
  </testcase> <!-- @BeforeClass setup -->
  <testcase classname="WWproduct.testCases.BaseClassTest" name="@BeforeClass setup" time="-1.715930658426E9">
    <failure type="org.testng.TestNGException" message="
Parameter &amp;apos;browser&amp;apos; is required by BeforeClass on method setup but has not been marked @Optional or defined
">
      <![CDATA[org.testng.TestNGException: 
Parameter 'browser' is required by BeforeClass on method setup but has not been marked @Optional or defined

at java.base/java.util.ArrayList.forEach(ArrayList.java:1511)
... Removed 27 stack frames]]>
    </failure>
  </testcase> <!-- @BeforeClass setup -->
  <testcase classname="WWproduct.testCases.BaseClassTest" name="@BeforeClass setup" time="-1.71593065843E9">
    <failure type="org.testng.TestNGException" message="
Parameter &amp;apos;browser&amp;apos; is required by BeforeClass on method setup but has not been marked @Optional or defined
">
      <![CDATA[org.testng.TestNGException: 
Parameter 'browser' is required by BeforeClass on method setup but has not been marked @Optional or defined

at java.base/java.util.ArrayList.forEach(ArrayList.java:1511)
... Removed 27 stack frames]]>
    </failure>
  </testcase> <!-- @BeforeClass setup -->
  <testcase classname="WWproduct.testCases.BaseClassTest" name="@BeforeClass setup" time="-1.715930658433E9">
    <failure type="org.testng.TestNGException" message="
Parameter &amp;apos;browser&amp;apos; is required by BeforeClass on method setup but has not been marked @Optional or defined
">
      <![CDATA[org.testng.TestNGException: 
Parameter 'browser' is required by BeforeClass on method setup but has not been marked @Optional or defined

at java.base/java.util.ArrayList.forEach(ArrayList.java:1511)
... Removed 27 stack frames]]>
    </failure>
  </testcase> <!-- @BeforeClass setup -->
  <testcase classname="WWproduct.testCases.BaseClassTest" name="@BeforeClass setup" time="-1.715930658434E9">
    <failure type="org.testng.TestNGException" message="
Parameter &amp;apos;browser&amp;apos; is required by BeforeClass on method setup but has not been marked @Optional or defined
">
      <![CDATA[org.testng.TestNGException: 
Parameter 'browser' is required by BeforeClass on method setup but has not been marked @Optional or defined

at java.base/java.util.ArrayList.forEach(ArrayList.java:1511)
... Removed 27 stack frames]]>
    </failure>
  </testcase> <!-- @BeforeClass setup -->
  <testcase classname="WWproduct.testCases.BaseClassTest" name="@BeforeClass setup" time="-1.715930658436E9">
    <failure type="org.testng.TestNGException" message="
Parameter &amp;apos;browser&amp;apos; is required by BeforeClass on method setup but has not been marked @Optional or defined
">
      <![CDATA[org.testng.TestNGException: 
Parameter 'browser' is required by BeforeClass on method setup but has not been marked @Optional or defined

at java.base/java.util.ArrayList.forEach(ArrayList.java:1511)
... Removed 27 stack frames]]>
    </failure>
  </testcase> <!-- @BeforeClass setup -->
  <testcase classname="WWproduct.testCases.BaseClassTest" name="@BeforeClass setup" time="-1.715930658438E9">
    <failure type="org.testng.TestNGException" message="
Parameter &amp;apos;browser&amp;apos; is required by BeforeClass on method setup but has not been marked @Optional or defined
">
      <![CDATA[org.testng.TestNGException: 
Parameter 'browser' is required by BeforeClass on method setup but has not been marked @Optional or defined

at java.base/java.util.ArrayList.forEach(ArrayList.java:1511)
... Removed 27 stack frames]]>
    </failure>
  </testcase> <!-- @BeforeClass setup -->
  <testcase classname="WWproduct.testCases.BaseClassTest" name="@BeforeClass setup" time="-1.715930658439E9">
    <failure type="org.testng.TestNGException" message="
Parameter &amp;apos;browser&amp;apos; is required by BeforeClass on method setup but has not been marked @Optional or defined
">
      <![CDATA[org.testng.TestNGException: 
Parameter 'browser' is required by BeforeClass on method setup but has not been marked @Optional or defined

at java.base/java.util.ArrayList.forEach(ArrayList.java:1511)
... Removed 27 stack frames]]>
    </failure>
  </testcase> <!-- @BeforeClass setup -->
  <testcase classname="WWproduct.testCases.BaseClassTest" name="@BeforeClass setup" time="-1.715930658441E9">
    <failure type="org.testng.TestNGException" message="
Parameter &amp;apos;browser&amp;apos; is required by BeforeClass on method setup but has not been marked @Optional or defined
">
      <![CDATA[org.testng.TestNGException: 
Parameter 'browser' is required by BeforeClass on method setup but has not been marked @Optional or defined

at java.base/java.util.ArrayList.forEach(ArrayList.java:1511)
... Removed 27 stack frames]]>
    </failure>
  </testcase> <!-- @BeforeClass setup -->
  <testcase classname="WWproduct.testCases.BaseClassTest" name="@BeforeClass setup" time="-1.715930658442E9">
    <failure type="org.testng.TestNGException" message="
Parameter &amp;apos;browser&amp;apos; is required by BeforeClass on method setup but has not been marked @Optional or defined
">
      <![CDATA[org.testng.TestNGException: 
Parameter 'browser' is required by BeforeClass on method setup but has not been marked @Optional or defined

at java.base/java.util.ArrayList.forEach(ArrayList.java:1511)
... Removed 27 stack frames]]>
    </failure>
  </testcase> <!-- @BeforeClass setup -->
  <testcase classname="WWproduct.testCases.BaseClassTest" name="@BeforeClass setup" time="-1.715930658445E9">
    <failure type="org.testng.TestNGException" message="
Parameter &amp;apos;browser&amp;apos; is required by BeforeClass on method setup but has not been marked @Optional or defined
">
      <![CDATA[org.testng.TestNGException: 
Parameter 'browser' is required by BeforeClass on method setup but has not been marked @Optional or defined

at java.base/java.util.ArrayList.forEach(ArrayList.java:1511)
... Removed 27 stack frames]]>
    </failure>
  </testcase> <!-- @BeforeClass setup -->
  <testcase classname="WWproduct.testCases.BaseClassTest" name="@BeforeClass setup" time="-1.715930658447E9">
    <failure type="org.testng.TestNGException" message="
Parameter &amp;apos;browser&amp;apos; is required by BeforeClass on method setup but has not been marked @Optional or defined
">
      <![CDATA[org.testng.TestNGException: 
Parameter 'browser' is required by BeforeClass on method setup but has not been marked @Optional or defined

at java.base/java.util.ArrayList.forEach(ArrayList.java:1511)
... Removed 27 stack frames]]>
    </failure>
  </testcase> <!-- @BeforeClass setup -->
  <testcase classname="WWproduct.testCases.BaseClassTest" name="@BeforeClass setup" time="-1.715930658449E9">
    <failure type="org.testng.TestNGException" message="
Parameter &amp;apos;browser&amp;apos; is required by BeforeClass on method setup but has not been marked @Optional or defined
">
      <![CDATA[org.testng.TestNGException: 
Parameter 'browser' is required by BeforeClass on method setup but has not been marked @Optional or defined

at java.base/java.util.ArrayList.forEach(ArrayList.java:1511)
... Removed 27 stack frames]]>
    </failure>
  </testcase> <!-- @BeforeClass setup -->
  <testcase classname="WWproduct.testCases.BaseClassTest" name="@AfterTest tearDown" time="0.0">
    <skipped/>
  </testcase> <!-- @AfterTest tearDown -->
  <testcase classname="WWproduct.testCases.VerifyLoginTo_WWproductTest" name="login" time="0.0">
    <skipped/>
  </testcase> <!-- login -->
  <testcase classname="WWproduct.testCases.VerifyMyraisedCases_RealTimedata_Dashboard_MyReports_ReopeningofCaseTest" name="login" time="0.0">
    <skipped/>
  </testcase> <!-- login -->
  <testcase classname="WWproduct.testCases.VerifyQueryDashboard_and_Reopeningofquery_QueryAllocationPageTest" name="login" time="0.0">
    <skipped/>
  </testcase> <!-- login -->
  <testcase classname="WWproduct.testCases.VerifyReportsTest" name="login" time="0.0">
    <skipped/>
  </testcase> <!-- login -->
  <testcase classname="WWproduct.testCases.Verify_CaseAllocationPage_peripheralActivity_switchTeamsTest" name="login" time="0.0">
    <skipped/>
  </testcase> <!-- login -->
  <testcase classname="WWproduct.testCases.Verify_External_Query_WorkflowTest" name="verify_External_Query_Workflow" time="0.0">
    <skipped/>
  </testcase> <!-- verify_External_Query_Workflow -->
  <testcase classname="WWproduct.testCases.Verify_myRaised_queriesTest" name="login" time="0.0">
    <skipped/>
  </testcase> <!-- login -->
  <testcase classname="WWproduct.testCases.Verify_PendAndReject_workflowOf_caseTest" name="login" time="0.0">
    <skipped/>
  </testcase> <!-- login -->
  <testcase classname="WWproduct.testCases.Verify_PlanningDashboardTest" name="login" time="0.0">
    <skipped/>
  </testcase> <!-- login -->
  <testcase classname="WWproduct.testCases.Verify_Processed_quality_authorization_WorkflowTest" name="login" time="0.0">
    <skipped/>
  </testcase> <!-- login -->
  <testcase classname="WWproduct.testCases.Verify_query_forward_externalquery_close_workflowTest" name="login" time="0.0">
    <skipped/>
  </testcase> <!-- login -->
  <testcase classname="WWproduct.testCases.Verify_Query_pend_complete_reject_workflowTest" name="login" time="0.0">
    <skipped/>
  </testcase> <!-- login -->
  <testcase classname="WWproduct.testCases.Verify_TeamDashboardTest" name="login" time="0.0">
    <skipped/>
  </testcase> <!-- login -->
  <testcase classname="WWproduct.testCases.Verify_usermanagementTest" name="login" time="0.0">
    <skipped/>
  </testcase> <!-- login -->
  <testcase classname="WWproduct.testCases.Verify_user_creates_newQuery_ThroughQuerymanagementPageTest" name="login" time="0.0">
    <skipped/>
  </testcase> <!-- login -->
  <testcase classname="WWproduct.testCases.BaseClassTest" name="@AfterTest tearDown" time="0.0">
    <ignored/>
  </testcase> <!-- @AfterTest tearDown -->
  <testcase classname="WWproduct.testCases.BaseClassTest" name="@AfterTest tearDown" time="0.0">
    <ignored/>
  </testcase> <!-- @AfterTest tearDown -->
  <testcase classname="WWproduct.testCases.BaseClassTest" name="@AfterTest tearDown" time="0.0">
    <ignored/>
  </testcase> <!-- @AfterTest tearDown -->
  <testcase classname="WWproduct.testCases.BaseClassTest" name="@AfterTest tearDown" time="0.0">
    <ignored/>
  </testcase> <!-- @AfterTest tearDown -->
  <testcase classname="WWproduct.testCases.BaseClassTest" name="@AfterTest tearDown" time="0.0">
    <ignored/>
  </testcase> <!-- @AfterTest tearDown -->
  <testcase classname="WWproduct.testCases.BaseClassTest" name="@AfterTest tearDown" time="0.0">
    <ignored/>
  </testcase> <!-- @AfterTest tearDown -->
  <testcase classname="WWproduct.testCases.BaseClassTest" name="@AfterTest tearDown" time="0.0">
    <ignored/>
  </testcase> <!-- @AfterTest tearDown -->
  <testcase classname="WWproduct.testCases.BaseClassTest" name="@AfterTest tearDown" time="0.0">
    <ignored/>
  </testcase> <!-- @AfterTest tearDown -->
  <testcase classname="WWproduct.testCases.BaseClassTest" name="@AfterTest tearDown" time="0.0">
    <ignored/>
  </testcase> <!-- @AfterTest tearDown -->
  <testcase classname="WWproduct.testCases.BaseClassTest" name="@AfterTest tearDown" time="0.0">
    <ignored/>
  </testcase> <!-- @AfterTest tearDown -->
  <testcase classname="WWproduct.testCases.BaseClassTest" name="@AfterTest tearDown" time="0.0">
    <ignored/>
  </testcase> <!-- @AfterTest tearDown -->
  <testcase classname="WWproduct.testCases.BaseClassTest" name="@AfterTest tearDown" time="0.0">
    <ignored/>
  </testcase> <!-- @AfterTest tearDown -->
  <testcase classname="WWproduct.testCases.BaseClassTest" name="@AfterTest tearDown" time="0.0">
    <ignored/>
  </testcase> <!-- @AfterTest tearDown -->
  <testcase classname="WWproduct.testCases.BaseClassTest" name="@AfterTest tearDown" time="0.0">
    <ignored/>
  </testcase> <!-- @AfterTest tearDown -->
  <testcase classname="WWproduct.testCases.BaseClassTest" name="@AfterTest tearDown" time="0.0">
    <ignored/>
  </testcase> <!-- @AfterTest tearDown -->
</testsuite> <!-- Surefire test -->
