<?xml version="1.0" encoding="UTF-8"?>
<testng-results skipped="0" failed="0" ignored="0" total="1" passed="1">
  <reporter-output>
  </reporter-output>
  <suite name="WWProduct_Automation" duration-ms="119465" started-at="2024-05-28T21:46:11 IST" finished-at="2024-05-28T21:48:11 IST">
    <groups>
    </groups>
    <test name="WWproduct Application Test1" duration-ms="119465" started-at="2024-05-28T21:46:11 IST" finished-at="2024-05-28T21:48:11 IST">
      <class name="WWproduct.testCases.Verify_PendAndReject_workflowOf_caseTest">
        <test-method status="PASS" signature="setup(java.lang.String)[pri:0, instance:WWproduct.testCases.Verify_PendAndReject_workflowOf_caseTest@612679d6]" name="setup" is-config="true" duration-ms="2828" started-at="2024-05-28T21:46:11 IST" finished-at="2024-05-28T21:46:14 IST">
          <params>
            <param index="0">
              <value>
                <![CDATA[chrome]]>
              </value>
            </param>
          </params>
          <reporter-output>
          </reporter-output>
        </test-method> <!-- setup -->
        <test-method status="PASS" signature="login()[pri:1, instance:WWproduct.testCases.Verify_PendAndReject_workflowOf_caseTest@612679d6]" name="login" duration-ms="115875" started-at="2024-05-28T21:46:14 IST" finished-at="2024-05-28T21:48:10 IST">
          <reporter-output>
          </reporter-output>
        </test-method> <!-- login -->
        <test-method status="PASS" signature="tearDown()[pri:0, instance:WWproduct.testCases.Verify_PendAndReject_workflowOf_caseTest@612679d6]" name="tearDown" is-config="true" duration-ms="623" started-at="2024-05-28T21:48:10 IST" finished-at="2024-05-28T21:48:11 IST">
          <reporter-output>
          </reporter-output>
        </test-method> <!-- tearDown -->
      </class> <!-- WWproduct.testCases.Verify_PendAndReject_workflowOf_caseTest -->
    </test> <!-- WWproduct Application Test1 -->
  </suite> <!-- WWProduct_Automation -->
</testng-results>
