<?xml version="1.0" encoding="UTF-8"?>
<testsuite xmlns:xsi="http://www.w3.org/2001/XMLSchema-instance" xsi:noNamespaceSchemaLocation="https://maven.apache.org/surefire/maven-surefire-plugin/xsd/surefire-test-report.xsd" name="TestSuite" time="1.283" tests="31" errors="0" skipped="16" failures="15">
  <properties>
[...]
</properties>
  <testcase name="setup" classname="WWproduct.testCases.VerifyLoginTo_WWproductTest" time="0.667">
    <failure message="&#10;Parameter &apos;browser&apos; is required by BeforeClass on method setup but has not been marked @Optional or defined&#10;" type="org.testng.TestNGException">org.testng.TestNGException: 

Parameter 'browser' is required by BeforeClass on method setup but has not been marked @Optional or defined

</failure>
    <system-err><![CDATA[SLF4J(W): No SLF4J providers were found.
SLF4J(W): Defaulting to no-operation (NOP) logger implementation
SLF4J(W): See https://www.slf4j.org/codes.html#noProviders for further details.
]]></system-err>
  </testcase>
  <testcase name="login" classname="WWproduct.testCases.VerifyLoginTo_WWproductTest" time="0">
    <skipped message="&#10;Parameter &apos;browser&apos; is required by BeforeClass on method setup but has not been marked @Optional or defined&#10;"/>
  </testcase>
  <testcase name="setup" classname="WWproduct.testCases.VerifyMyraisedCases_RealTimedata_Dashboard_MyReports_ReopeningofCaseTest" time="0.005">
    <failure message="&#10;Parameter &apos;browser&apos; is required by BeforeClass on method setup but has not been marked @Optional or defined&#10;" type="org.testng.TestNGException">org.testng.TestNGException: 

Parameter 'browser' is required by BeforeClass on method setup but has not been marked @Optional or defined

</failure>
  </testcase>
  <testcase name="login" classname="WWproduct.testCases.VerifyMyraisedCases_RealTimedata_Dashboard_MyReports_ReopeningofCaseTest" time="0">
    <skipped message="&#10;Parameter &apos;browser&apos; is required by BeforeClass on method setup but has not been marked @Optional or defined&#10;"/>
  </testcase>
  <testcase name="setup" classname="WWproduct.testCases.VerifyQueryDashboard_and_Reopeningofquery_QueryAllocationPageTest" time="0.003">
    <failure message="&#10;Parameter &apos;browser&apos; is required by BeforeClass on method setup but has not been marked @Optional or defined&#10;" type="org.testng.TestNGException">org.testng.TestNGException: 

Parameter 'browser' is required by BeforeClass on method setup but has not been marked @Optional or defined

</failure>
  </testcase>
  <testcase name="login" classname="WWproduct.testCases.VerifyQueryDashboard_and_Reopeningofquery_QueryAllocationPageTest" time="0">
    <skipped message="&#10;Parameter &apos;browser&apos; is required by BeforeClass on method setup but has not been marked @Optional or defined&#10;"/>
  </testcase>
  <testcase name="setup" classname="WWproduct.testCases.VerifyReportsTest" time="0.004">
    <failure message="&#10;Parameter &apos;browser&apos; is required by BeforeClass on method setup but has not been marked @Optional or defined&#10;" type="org.testng.TestNGException">org.testng.TestNGException: 

Parameter 'browser' is required by BeforeClass on method setup but has not been marked @Optional or defined

</failure>
  </testcase>
  <testcase name="login" classname="WWproduct.testCases.VerifyReportsTest" time="0">
    <skipped message="&#10;Parameter &apos;browser&apos; is required by BeforeClass on method setup but has not been marked @Optional or defined&#10;"/>
  </testcase>
  <testcase name="setup" classname="WWproduct.testCases.Verify_CaseAllocationPage_peripheralActivity_switchTeamsTest" time="0.001">
    <failure message="&#10;Parameter &apos;browser&apos; is required by BeforeClass on method setup but has not been marked @Optional or defined&#10;" type="org.testng.TestNGException">org.testng.TestNGException: 

Parameter 'browser' is required by BeforeClass on method setup but has not been marked @Optional or defined

</failure>
  </testcase>
  <testcase name="login" classname="WWproduct.testCases.Verify_CaseAllocationPage_peripheralActivity_switchTeamsTest" time="0">
    <skipped message="&#10;Parameter &apos;browser&apos; is required by BeforeClass on method setup but has not been marked @Optional or defined&#10;"/>
  </testcase>
  <testcase name="setup" classname="WWproduct.testCases.Verify_External_Query_WorkflowTest" time="0.002">
    <failure message="&#10;Parameter &apos;browser&apos; is required by BeforeClass on method setup but has not been marked @Optional or defined&#10;" type="org.testng.TestNGException">org.testng.TestNGException: 

Parameter 'browser' is required by BeforeClass on method setup but has not been marked @Optional or defined

</failure>
  </testcase>
  <testcase name="verify_External_Query_Workflow" classname="WWproduct.testCases.Verify_External_Query_WorkflowTest" time="0">
    <skipped message="&#10;Parameter &apos;browser&apos; is required by BeforeClass on method setup but has not been marked @Optional or defined&#10;"/>
  </testcase>
  <testcase name="setup" classname="WWproduct.testCases.Verify_myRaised_queriesTest" time="0.001">
    <failure message="&#10;Parameter &apos;browser&apos; is required by BeforeClass on method setup but has not been marked @Optional or defined&#10;" type="org.testng.TestNGException">org.testng.TestNGException: 

Parameter 'browser' is required by BeforeClass on method setup but has not been marked @Optional or defined

</failure>
  </testcase>
  <testcase name="login" classname="WWproduct.testCases.Verify_myRaised_queriesTest" time="0">
    <skipped message="&#10;Parameter &apos;browser&apos; is required by BeforeClass on method setup but has not been marked @Optional or defined&#10;"/>
  </testcase>
  <testcase name="setup" classname="WWproduct.testCases.Verify_PendAndReject_workflowOf_caseTest" time="0.001">
    <failure message="&#10;Parameter &apos;browser&apos; is required by BeforeClass on method setup but has not been marked @Optional or defined&#10;" type="org.testng.TestNGException">org.testng.TestNGException: 

Parameter 'browser' is required by BeforeClass on method setup but has not been marked @Optional or defined

</failure>
  </testcase>
  <testcase name="login" classname="WWproduct.testCases.Verify_PendAndReject_workflowOf_caseTest" time="0">
    <skipped message="&#10;Parameter &apos;browser&apos; is required by BeforeClass on method setup but has not been marked @Optional or defined&#10;"/>
  </testcase>
  <testcase name="setup" classname="WWproduct.testCases.Verify_PlanningDashboardTest" time="0.001">
    <failure message="&#10;Parameter &apos;browser&apos; is required by BeforeClass on method setup but has not been marked @Optional or defined&#10;" type="org.testng.TestNGException">org.testng.TestNGException: 

Parameter 'browser' is required by BeforeClass on method setup but has not been marked @Optional or defined

</failure>
  </testcase>
  <testcase name="login" classname="WWproduct.testCases.Verify_PlanningDashboardTest" time="0">
    <skipped message="&#10;Parameter &apos;browser&apos; is required by BeforeClass on method setup but has not been marked @Optional or defined&#10;"/>
  </testcase>
  <testcase name="setup" classname="WWproduct.testCases.Verify_Processed_quality_authorization_WorkflowTest" time="0.001">
    <failure message="&#10;Parameter &apos;browser&apos; is required by BeforeClass on method setup but has not been marked @Optional or defined&#10;" type="org.testng.TestNGException">org.testng.TestNGException: 

Parameter 'browser' is required by BeforeClass on method setup but has not been marked @Optional or defined

</failure>
  </testcase>
  <testcase name="login" classname="WWproduct.testCases.Verify_Processed_quality_authorization_WorkflowTest" time="0">
    <skipped message="&#10;Parameter &apos;browser&apos; is required by BeforeClass on method setup but has not been marked @Optional or defined&#10;"/>
  </testcase>
  <testcase name="setup" classname="WWproduct.testCases.Verify_query_forward_externalquery_close_workflowTest" time="0.001">
    <failure message="&#10;Parameter &apos;browser&apos; is required by BeforeClass on method setup but has not been marked @Optional or defined&#10;" type="org.testng.TestNGException">org.testng.TestNGException: 

Parameter 'browser' is required by BeforeClass on method setup but has not been marked @Optional or defined

</failure>
  </testcase>
  <testcase name="login" classname="WWproduct.testCases.Verify_query_forward_externalquery_close_workflowTest" time="0">
    <skipped message="&#10;Parameter &apos;browser&apos; is required by BeforeClass on method setup but has not been marked @Optional or defined&#10;"/>
  </testcase>
  <testcase name="setup" classname="WWproduct.testCases.Verify_Query_pend_complete_reject_workflowTest" time="0.006">
    <failure message="&#10;Parameter &apos;browser&apos; is required by BeforeClass on method setup but has not been marked @Optional or defined&#10;" type="org.testng.TestNGException">org.testng.TestNGException: 

Parameter 'browser' is required by BeforeClass on method setup but has not been marked @Optional or defined

</failure>
  </testcase>
  <testcase name="login" classname="WWproduct.testCases.Verify_Query_pend_complete_reject_workflowTest" time="0">
    <skipped message="&#10;Parameter &apos;browser&apos; is required by BeforeClass on method setup but has not been marked @Optional or defined&#10;"/>
  </testcase>
  <testcase name="setup" classname="WWproduct.testCases.Verify_TeamDashboardTest" time="0">
    <failure message="&#10;Parameter &apos;browser&apos; is required by BeforeClass on method setup but has not been marked @Optional or defined&#10;" type="org.testng.TestNGException">org.testng.TestNGException: 

Parameter 'browser' is required by BeforeClass on method setup but has not been marked @Optional or defined

</failure>
  </testcase>
  <testcase name="login" classname="WWproduct.testCases.Verify_TeamDashboardTest" time="0">
    <skipped message="&#10;Parameter &apos;browser&apos; is required by BeforeClass on method setup but has not been marked @Optional or defined&#10;"/>
  </testcase>
  <testcase name="setup" classname="WWproduct.testCases.Verify_usermanagementTest" time="0">
    <failure message="&#10;Parameter &apos;browser&apos; is required by BeforeClass on method setup but has not been marked @Optional or defined&#10;" type="org.testng.TestNGException">org.testng.TestNGException: 

Parameter 'browser' is required by BeforeClass on method setup but has not been marked @Optional or defined

</failure>
  </testcase>
  <testcase name="login" classname="WWproduct.testCases.Verify_usermanagementTest" time="0">
    <skipped message="&#10;Parameter &apos;browser&apos; is required by BeforeClass on method setup but has not been marked @Optional or defined&#10;"/>
  </testcase>
  <testcase name="setup" classname="WWproduct.testCases.Verify_user_creates_newQuery_ThroughQuerymanagementPageTest" time="0.001">
    <failure message="&#10;Parameter &apos;browser&apos; is required by BeforeClass on method setup but has not been marked @Optional or defined&#10;" type="org.testng.TestNGException">org.testng.TestNGException: 

Parameter 'browser' is required by BeforeClass on method setup but has not been marked @Optional or defined

</failure>
  </testcase>
  <testcase name="login" classname="WWproduct.testCases.Verify_user_creates_newQuery_ThroughQuerymanagementPageTest" time="0">
    <skipped message="&#10;Parameter &apos;browser&apos; is required by BeforeClass on method setup but has not been marked @Optional or defined&#10;"/>
  </testcase>
  <testcase name="tearDown" classname="WWproduct.testCases.BaseClassTest" time="0">
    <skipped/>
  </testcase>
</testsuite>