<?xml version="1.0" encoding="UTF-8"?>
<testng-results ignored="0" total="1" passed="1" failed="0" skipped="0">
  <reporter-output>
  </reporter-output>
  <suite started-at="2024-05-16T15:59:20 IST" name="WWProduct_Automation" finished-at="2024-05-16T15:59:42 IST" duration-ms="21419">
    <groups>
    </groups>
    <test started-at="2024-05-16T15:59:20 IST" name="WWproduct Application Test1" finished-at="2024-05-16T15:59:42 IST" duration-ms="21419">
      <class name="WWproduct.testCases.VerifyLoginTo_WWproductTest">
        <test-method is-config="true" signature="setup(java.lang.String)[pri:0, instance:WWproduct.testCases.VerifyLoginTo_WWproductTest@1ed4ae0f]" started-at="2024-05-16T15:59:21 IST" name="setup" finished-at="2024-05-16T15:59:27 IST" duration-ms="5824" status="PASS">
          <params>
            <param index="0">
              <value>
                <![CDATA[chrome]]>
              </value>
            </param>
          </params>
          <reporter-output>
          </reporter-output>
        </test-method> <!-- setup -->
        <test-method signature="login()[pri:1, instance:WWproduct.testCases.VerifyLoginTo_WWproductTest@1ed4ae0f]" started-at="2024-05-16T15:59:27 IST" name="login" finished-at="2024-05-16T15:59:41 IST" duration-ms="14041" status="PASS">
          <reporter-output>
          </reporter-output>
        </test-method> <!-- login -->
        <test-method is-config="true" signature="tearDown()[pri:0, instance:WWproduct.testCases.VerifyLoginTo_WWproductTest@1ed4ae0f]" started-at="2024-05-16T15:59:41 IST" name="tearDown" finished-at="2024-05-16T15:59:42 IST" duration-ms="453" status="PASS">
          <reporter-output>
          </reporter-output>
        </test-method> <!-- tearDown -->
      </class> <!-- WWproduct.testCases.VerifyLoginTo_WWproductTest -->
    </test> <!-- WWproduct Application Test1 -->
  </suite> <!-- WWProduct_Automation -->
</testng-results>
